2024-02-28 10:35:46,327 | INFO: Start program.
2024-02-28 10:35:46,327 | INFO: File created: 2024-02-28-1035.csv
2024-02-28 10:35:46,327 | DEBUG: Starting new HTTPS connection (1): boardgamegeek.com:443
2024-02-28 10:35:46,441 | DEBUG: https://boardgamegeek.com:443 "GET /browse/boardgame?sort=rank&rankobjecttype=subtype&rankobjectid=1&rank=1 HTTP/1.1" 200 None
2024-02-28 10:35:46,523 | INFO: Ranked game ids 1-100 added to list.
2024-02-28 10:35:46,523 | INFO: ID list length: 100
2024-02-28 10:35:47,573 | DEBUG: https://boardgamegeek.com:443 "GET /browse/boardgame?sort=rank&rankobjecttype=subtype&rankobjectid=1&rank=101 HTTP/1.1" 200 None
2024-02-28 10:35:47,629 | INFO: Ranked game ids 101-200 added to list.
2024-02-28 10:35:47,629 | INFO: ID list length: 200
2024-02-28 10:35:48,666 | DEBUG: https://boardgamegeek.com:443 "GET /browse/boardgame?sort=rank&rankobjecttype=subtype&rankobjectid=1&rank=201 HTTP/1.1" 200 None
2024-02-28 10:35:48,741 | INFO: Ranked game ids 201-300 added to list.
2024-02-28 10:35:48,741 | INFO: ID list length: 300
2024-02-28 10:35:49,782 | DEBUG: https://boardgamegeek.com:443 "GET /browse/boardgame?sort=rank&rankobjecttype=subtype&rankobjectid=1&rank=301 HTTP/1.1" 200 None
2024-02-28 10:35:49,842 | INFO: Ranked game ids 301-400 added to list.
2024-02-28 10:35:49,842 | INFO: ID list length: 400
2024-02-28 10:35:50,872 | DEBUG: https://boardgamegeek.com:443 "GET /browse/boardgame?sort=rank&rankobjecttype=subtype&rankobjectid=1&rank=401 HTTP/1.1" 200 None
2024-02-28 10:35:50,935 | INFO: Ranked game ids 401-500 added to list.
2024-02-28 10:35:50,935 | INFO: ID list length: 500
2024-02-28 10:35:51,970 | DEBUG: https://boardgamegeek.com:443 "GET /browse/boardgame?sort=rank&rankobjecttype=subtype&rankobjectid=1&rank=501 HTTP/1.1" 200 None
2024-02-28 10:35:52,033 | INFO: Ranked game ids 501-600 added to list.
2024-02-28 10:35:52,034 | INFO: ID list length: 600
2024-02-28 10:35:53,075 | DEBUG: https://boardgamegeek.com:443 "GET /browse/boardgame?sort=rank&rankobjecttype=subtype&rankobjectid=1&rank=601 HTTP/1.1" 200 None
2024-02-28 10:35:53,138 | INFO: Ranked game ids 601-700 added to list.
2024-02-28 10:35:53,138 | INFO: ID list length: 700
2024-02-28 10:35:54,165 | DEBUG: https://boardgamegeek.com:443 "GET /browse/boardgame?sort=rank&rankobjecttype=subtype&rankobjectid=1&rank=701 HTTP/1.1" 200 None
2024-02-28 10:35:54,247 | INFO: Ranked game ids 701-800 added to list.
2024-02-28 10:35:54,247 | INFO: ID list length: 800
2024-02-28 10:35:55,275 | DEBUG: https://boardgamegeek.com:443 "GET /browse/boardgame?sort=rank&rankobjecttype=subtype&rankobjectid=1&rank=801 HTTP/1.1" 200 None
2024-02-28 10:35:55,369 | INFO: Ranked game ids 801-900 added to list.
2024-02-28 10:35:55,369 | INFO: ID list length: 900
2024-02-28 10:35:56,399 | DEBUG: https://boardgamegeek.com:443 "GET /browse/boardgame?sort=rank&rankobjecttype=subtype&rankobjectid=1&rank=901 HTTP/1.1" 200 None
2024-02-28 10:35:56,499 | INFO: Ranked game ids 901-1000 added to list.
2024-02-28 10:35:56,499 | INFO: ID list length: 1000
2024-02-28 10:35:56,499 | INFO: Retreive data.
2024-02-28 10:36:05,241 | DEBUG: https://boardgamegeek.com:443 "GET /xmlapi2/thing?stats=1&id=224517,161936,174430,342942,233078,316554,167791,115746,291457,187645,162886,220308,12333,182028,193738,84876,169786,173346,246900,28720,167355,266507,124361,177736,266192,120677,205637,312484,341169,237182,164928,192135,96848,199792,295770,251247,324856,183394,175914,285774,256960,247763,3076,366013,295947,102794,170216,521,185343,184267,31260,284378,314040,255984,221107,205059,161533,276025,126163,2651,253344,244521,216132,35677,266810,182874,231733,164153,125153,284083,209010,124742,55690,230802,200680,28143,157354,72125,201808,191189,251661,159675,229853,25613,317985,110327,62219,171623,121921,68448,279537,93,264220,236457,321608,37111,225694,155821,163068,122515,170042,180263,18602,256916,40834,42,203993,146021,73439,172386,269385,310873,12493,271055,144733,163412,102680,36218,205896,217372,218417,291453,4098,175640,43015,233371,332772,198928,281259,178900,175155,196340,172287,364073,366161,266524,132531,12,263918,277659,30549,254640,262712,118048,274364,161970,220877,365717,147020,271324,304783,2511,127023,308765,310100,322289,233398,34635,14996,146652,77423,328871,463,189932,268864,103885,283948,265188,148949,296151,233867,244522,249259,82222,329082,54043,209418,43111,294484,9609,235802,188920,104162,287954,10630,227935,350184,39463,282524,155426,283355,258779,199561,17133,227224,128882,25021,339789,271896,314491,70149,31627,103343,242302,14105,171131,188,123260,150376,300531,240980,104006,118,148228,383179,822,215,285967,182631,306735,293014,195421,245638,21050,126042,91,283155,7854,221194,364011,295486,241451,9209,54998,269207,188834,146886,224037,156129,129437,316377,232832,299659,158600,318977,165722,223040,176189,337627,169426,192291,274637,555,199478,109276,371942,176494,260605,223321,9216,194655,300322,19857,228341,198994,3,421,224783,239188,20551,31481,305096,286096,232405,128621,27708,27833,374173,140620,256680,146508,311193,204583,127060,302723,760,144344,155068,156546,246784,92828,298047,2655,206718,108745,380607,244271,230253,176734,323612,24181,139976,284653,291572,19777,373106,155873,66589,97207,46213,325494,297562,160477,270633,22545,38453,295374,143693,187617,351913,245655,181279,154203,54138,257499,93260,50,2653,54,172,150145,129622,209685,111341,136888,332686,5,59294,227789,48726,329839,184921,285192,163967,188866,203420,319966,172081,13122,193037,172818,40692,304420,234277,262211,47,140934,25292,356123,21241,318184,345972,297030,219513,176920,45315,77130,146439,59959,277085,63888,222509,39856,246192,199042,336986,301880,70919,181304,128271,234,37046,163745,318084,192458,119890,41114,260180,332800,234487,8217,245934,396790,90137,244711,155987,101721,25554,40354,202426,24480,250458,269210,39683,260428,372,397598,246684,9217,195539,274638,215311,1,390092,350316,33160,70323,21348,182134,345584,31594,15987,144592,17392,236191,331106,265736,256226,336382,258210,166669,194594,92415,198773,71,138161,128671,298069,276182,170771,204305,251658,229220,186751,293141,54625,171,34219,154809,40765,262543,55670,66188,161614,243,36932,121,215341,124708,100901,343905,284742,63628,151347,177478,27162,295895,322708,350933,315767,270844,264241,156858,192153,18833,150,66362,11170,256730,96913,79828,62222,359609,311988,169427,303057,176396,284189,367220,274960,357563,194607,292375,247367,158899,144189,269144,205398,256952,137408,206480,12942,233312,175095,25417,5404,290236,150658,239942,308119,216600,478,290359,105134,20437,197376,15062,162082,355093,193042,157969,226522,136063,11,328565,83330,232414,98778,43570,379078,146791,17226,712,180974,15985,338834,240196,191862,316412,318182,62227,177639,17405,356033,144797,220,128996,13,245654,21790,119506,262215,286751,156009,142379,97786,6249,9674,252328,245961,196326,325635,206941,171668,65781,221965,31999,125618,349067,266830,105551,370591,31730,127398,133473,153938,18,90419,284435,91312,133848,36553,181530,163968,342810,280794,170561,95527,400314,283393,117959,27173,147949,97842,351040,248490,183251,28023,102652,265402,84419,391163,875,22827,475,503,34119,340466,42052,151022,2346,123123,58421,133038,27746,232043,128780,15363,172308,4390,264055,159508,130960,192836,193949,216734,141572,307002,42215,293296,266121,269511,318009,270673,131357,170624,39351,9625,353288,242705,155703,336794,140603,315610,135219,432,39938,205359,111799,3685,244115,6472,42776,160010,113924,552,348450,190082,5782,699,335764,304051,30869,143519,224710,212445,256999,328866,218603,296237,174785,169255,346965,46,10547,237179,218074,37904,24508,183562,13004,1353,209778,271601,271518,119432,296912,107529,1513,3201,171499,198953,258036,121408,163166,135779,153016,21763,298383,100423,257501,180511,300300,353545,244114,58281,2398,284777,283864,359438,233247,50750,329551,193558,284760,306040,113294,132018,88,30380,163839,121288,283863,2955,231581,73171,70512,242639,307305,29603,69789,273330,213893,204472,126792,150997,203416,123540,301255,134726,328479,279613,154825,290484,20963,156336,87890,306881,165401,146278,270970,183840,65532,291845,168584,7717,232219,337765,71721,173064,347703,326494,281442,167400,249381,333255,155624,202670,162007,361545,160495,180593,143741,226320,334065,214880,41,483,241724,72321,220517,11825,73761,181521,20100,280480,15364,242574,300877,266164,143515,9823,116998,168435,22345,238799,362944,244608,262941,214887,3307,346703,244228,31563,255692,218333,21882,68425,256382,55600,318560,158435,342070,200147,47185,295564,370913,169654,220520,156943,2453,148729,354934,45,173442,43528,201825,181687,276498,2163,40628,369880,256570,192457,162286,51,251678,204516,218121,203417,346501,367498,299684,281655,198830,256788,179172,131287,586,1465,137988,36235,230244,244331,15512,170416,179803,254386,171273,16747,218479,299047,252153,160499,277700,1035,176165,217780,8125,331787,91872,161417,264052,227460,26997,253499,194879,30645,191051,12002,175117,197443,214029,110277,275467,156566,234671,300905,30957,179275,122298,163602,528,272739,294612,23540,79127,228328,285984,316546,41002,234477,28181,12962,117915,239472,56692,145659,216459,103886,334590,317457,177590,12891,338957,38996,137269,91514,65244,267319,119788,249277,270239,219215,198740,26990,270314,131260,12902,24800,248065,18098,2093,254708,196526,158889,37380,53953,155362,166384,329465,98229,195137,904,113997,244992,154458,148575,129948,29368,173,245643,1041,94,231218,35570,284818,223953,177678,238992,239464,1345,235488,139898,197405,199966,2181,272738,160851,9440,148319,26566,41066,172047,108906,223770,59946,233262,202408,245487,338760,112,210296,132028,25669,241590,224597,82421,8051,291508,38054,201921,13642,27588,156689,195560,242804,151004,66356,193214 HTTP/1.1" 200 None
2024-02-28 10:36:05,616 | INFO: API connection successful.
2024-02-28 10:36:10,164 | WARNING: BEST PLAYER is str: "3+". invalid literal for int() with base 10: '3+'
2024-02-28 10:36:10,329 | WARNING: BEST PLAYER is str: "2+". invalid literal for int() with base 10: '2+'
2024-02-28 10:36:10,638 | WARNING: BEST PLAYER is str: "2+". invalid literal for int() with base 10: '2+'
2024-02-28 10:36:10,641 | INFO: Data items added: 1000
2024-02-28 10:36:10,642 | INFO: 1000 items to write.
2024-02-28 10:36:10,642 | INFO: Write data to file.
2024-02-28 10:36:10,652 | INFO: 1000 data items written to file.
2024-02-28 10:36:10,652 | INFO: Clear lists.
2024-02-28 10:36:11,697 | INFO: Database connection established.
2024-02-28 10:36:11,743 | INFO: Records copied: (1000,)
2024-02-28 10:36:11,743 | INFO: PostgreSQL connection closed.
2024-02-28 10:36:11,744 | INFO: Program run time: 25.4152410000097
